<?xml version="1.0"?><coverage lines-covered="266" lines-valid="345" line-rate="0.7542883405902273" branches-covered="0" branches-valid="0" branch-rate="0" complexity="0" version="1.9" timestamp="1583948510"><sources><source>/home/ervin/projects/Glugate/services/g_users</source></sources><packages><package name="tests" line-rate="0.86" branch-rate="0" complexity="0"><classes><class name="common" filename="tests/common.rs" line-rate="0.9322033898305084" branch-rate="0" complexity="0"><methods/><lines><line number="47" hits="1"/><line number="49" hits="1"/><line number="50" hits="1"/><line number="51" hits="1"/><line number="56" hits="1"/><line number="57" hits="1"/><line number="59" hits="1"/><line number="65" hits="1"/><line number="66" hits="1"/><line number="67" hits="1"/><line number="75" hits="1"/><line number="76" hits="1"/><line number="79" hits="5"/><line number="81" hits="6"/><line number="82" hits="1"/><line number="83" hits="1"/><line number="84" hits="1"/><line number="89" hits="4"/><line number="90" hits="5"/><line number="91" hits="1"/><line number="92" hits="0"/><line number="97" hits="1"/><line number="98" hits="1"/><line number="102" hits="1"/><line number="103" hits="1"/><line number="107" hits="1"/><line number="108" hits="1"/><line number="109" hits="1"/><line number="115" hits="4"/><line number="116" hits="4"/><line number="118" hits="4"/><line number="119" hits="4"/><line number="120" hits="0"/><line number="122" hits="1"/><line number="123" hits="1"/><line number="126" hits="1"/><line number="127" hits="1"/><line number="129" hits="1"/><line number="130" hits="1"/><line number="133" hits="1"/><line number="137" hits="1"/><line number="141" hits="1"/><line number="143" hits="1"/><line number="144" hits="1"/><line number="145" hits="0"/><line number="147" hits="1"/><line number="148" hits="1"/><line number="150" hits="1"/><line number="151" hits="1"/><line number="152" hits="1"/><line number="154" hits="1"/><line number="155" hits="1"/><line number="156" hits="0"/><line number="161" hits="1"/><line number="162" hits="1"/><line number="164" hits="1"/><line number="166" hits="1"/><line number="167" hits="1"/><line number="168" hits="1"/></lines></class><class name="users" filename="tests/users.rs" line-rate="0.8131868131868132" branch-rate="0" complexity="0"><methods/><lines><line number="12" hits="2"/><line number="13" hits="1"/><line number="14" hits="1"/><line number="16" hits="1"/><line number="17" hits="1"/><line number="18" hits="0"/><line number="25" hits="1"/><line number="26" hits="1"/><line number="27" hits="0"/><line number="28" hits="0"/><line number="34" hits="2"/><line number="35" hits="1"/><line number="36" hits="1"/><line number="37" hits="1"/><line number="39" hits="1"/><line number="41" hits="1"/><line number="42" hits="1"/><line number="45" hits="1"/><line number="49" hits="0"/><line number="51" hits="1"/><line number="53" hits="1"/><line number="54" hits="1"/><line number="56" hits="1"/><line number="57" hits="1"/><line number="58" hits="1"/><line number="60" hits="1"/><line number="65" hits="2"/><line number="66" hits="1"/><line number="67" hits="1"/><line number="69" hits="1"/><line number="70" hits="1"/><line number="71" hits="0"/><line number="73" hits="1"/><line number="75" hits="1"/><line number="76" hits="1"/><line number="85" hits="1"/><line number="90" hits="2"/><line number="91" hits="1"/><line number="93" hits="1"/><line number="94" hits="1"/><line number="96" hits="1"/><line number="98" hits="1"/><line number="99" hits="1"/><line number="100" hits="0"/><line number="102" hits="1"/><line number="103" hits="1"/><line number="114" hits="2"/><line number="115" hits="1"/><line number="116" hits="1"/><line number="117" hits="1"/><line number="120" hits="1"/><line number="125" hits="2"/><line number="126" hits="1"/><line number="127" hits="1"/><line number="128" hits="1"/><line number="129" hits="1"/><line number="130" hits="1"/><line number="131" hits="1"/><line number="134" hits="1"/><line number="135" hits="1"/><line number="140" hits="2"/><line number="141" hits="1"/><line number="142" hits="1"/><line number="143" hits="1"/><line number="144" hits="1"/><line number="145" hits="1"/><line number="146" hits="1"/><line number="149" hits="1"/><line number="154" hits="2"/><line number="155" hits="1"/><line number="156" hits="1"/><line number="157" hits="0"/><line number="158" hits="0"/><line number="159" hits="0"/><line number="160" hits="0"/><line number="161" hits="0"/><line number="162" hits="0"/><line number="164" hits="0"/><line number="170" hits="1"/><line number="171" hits="1"/><line number="172" hits="1"/><line number="174" hits="1"/><line number="175" hits="1"/><line number="177" hits="1"/><line number="178" hits="1"/><line number="179" hits="1"/><line number="180" hits="1"/><line number="188" hits="0"/><line number="189" hits="0"/><line number="190" hits="0"/><line number="199" hits="0"/></lines></class></classes></package><package name="src/db" line-rate="0.4716981132075472" branch-rate="0" complexity="0"><classes><class name="mod" filename="src/db/mod.rs" line-rate="0" branch-rate="0" complexity="0"><methods/><lines><line number="19" hits="0"/><line number="41" hits="0"/><line number="42" hits="0"/><line number="43" hits="0"/><line number="44" hits="0"/><line number="58" hits="0"/><line number="59" hits="0"/><line number="60" hits="0"/><line number="61" hits="0"/><line number="62" hits="0"/><line number="63" hits="0"/><line number="64" hits="0"/><line number="65" hits="0"/></lines></class><class name="users" filename="src/db/users.rs" line-rate="0.625" branch-rate="0" complexity="0"><methods/><lines><line number="26" hits="1"/><line number="27" hits="1"/><line number="28" hits="1"/><line number="29" hits="1"/><line number="30" hits="1"/><line number="31" hits="0"/><line number="34" hits="0"/><line number="38" hits="1"/><line number="45" hits="1"/><line number="47" hits="1"/><line number="50" hits="2"/><line number="53" hits="1"/><line number="59" hits="1"/><line number="60" hits="1"/><line number="61" hits="1"/><line number="63" hits="1"/><line number="64" hits="1"/><line number="66" hits="1"/><line number="67" hits="0"/><line number="68" hits="1"/><line number="70" hits="1"/><line number="71" hits="1"/><line number="73" hits="0"/><line number="77" hits="0"/><line number="81" hits="1"/><line number="83" hits="1"/><line number="84" hits="0"/><line number="87" hits="1"/><line number="88" hits="1"/><line number="92" hits="1"/><line number="93" hits="1"/><line number="100" hits="0"/><line number="101" hits="0"/><line number="102" hits="0"/><line number="103" hits="0"/><line number="121" hits="0"/><line number="122" hits="0"/><line number="123" hits="0"/><line number="124" hits="0"/><line number="126" hits="0"/></lines></class></classes></package><package name="src" line-rate="0.7025641025641025" branch-rate="0" complexity="0"><classes><class name="auth" filename="src/auth.rs" line-rate="0.8518518518518519" branch-rate="0" complexity="0"><methods/><lines><line number="13" hits="1"/><line number="14" hits="1"/><line number="28" hits="1"/><line number="29" hits="1"/><line number="40" hits="1"/><line number="41" hits="1"/><line number="42" hits="1"/><line number="43" hits="1"/><line number="45" hits="0"/><line number="53" hits="1"/><line number="54" hits="1"/><line number="55" hits="1"/><line number="56" hits="1"/><line number="57" hits="1"/><line number="58" hits="1"/><line number="59" hits="0"/><line number="60" hits="0"/><line number="65" hits="1"/><line number="66" hits="1"/><line number="70" hits="2"/><line number="73" hits="1"/><line number="74" hits="1"/><line number="75" hits="1"/><line number="77" hits="0"/><line number="83" hits="1"/><line number="86" hits="1"/><line number="91" hits="1"/></lines></class><class name="config" filename="src/config.rs" line-rate="0.8" branch-rate="0" complexity="0"><methods/><lines><line number="16" hits="1"/><line number="17" hits="2"/><line number="19" hits="1"/><line number="20" hits="0"/><line number="21" hits="0"/><line number="23" hits="0"/><line number="27" hits="1"/><line number="28" hits="1"/><line number="35" hits="1"/><line number="36" hits="1"/><line number="38" hits="1"/><line number="39" hits="1"/><line number="41" hits="0"/><line number="43" hits="1"/><line number="44" hits="1"/><line number="46" hits="1"/><line number="47" hits="1"/><line number="48" hits="1"/><line number="49" hits="1"/><line number="51" hits="1"/></lines></class><class name="errors" filename="src/errors.rs" line-rate="0.75" branch-rate="0" complexity="0"><methods/><lines><line number="17" hits="1"/><line number="18" hits="1"/><line number="19" hits="1"/><line number="20" hits="1"/><line number="27" hits="1"/><line number="30" hits="1"/><line number="31" hits="1"/><line number="32" hits="1"/><line number="33" hits="1"/><line number="34" hits="0"/><line number="35" hits="1"/><line number="36" hits="1"/><line number="40" hits="1"/><line number="44" hits="0"/><line number="53" hits="1"/><line number="55" hits="1"/><line number="61" hits="1"/><line number="63" hits="1"/><line number="68" hits="1"/><line number="69" hits="2"/><line number="70" hits="2"/><line number="72" hits="0"/><line number="73" hits="0"/><line number="78" hits="2"/><line number="82" hits="2"/><line number="83" hits="0"/><line number="84" hits="0"/><line number="85" hits="0"/></lines></class><class name="lib" filename="src/lib.rs" line-rate="0.6666666666666666" branch-rate="0" complexity="0"><methods/><lines><line number="26" hits="0"/><line number="27" hits="0"/><line number="28" hits="0"/><line number="40" hits="1"/><line number="41" hits="1"/><line number="44" hits="1"/><line number="46" hits="1"/><line number="47" hits="1"/><line number="48" hits="0"/><line number="52" hits="1"/><line number="53" hits="1"/><line number="69" hits="1"/></lines></class><class name="main" filename="src/main.rs" line-rate="0" branch-rate="0" complexity="0"><methods/><lines><line number="3" hits="0"/><line number="4" hits="0"/><line number="5" hits="0"/></lines></class><class name="schema" filename="src/schema.rs" line-rate="1" branch-rate="0" complexity="0"><methods/><lines><line number="1" hits="6"/></lines></class></classes></package><package name="src/models" line-rate="0.9166666666666666" branch-rate="0" complexity="0"><classes><class name="user" filename="src/models/user.rs" line-rate="0.9166666666666666" branch-rate="0" complexity="0"><methods/><lines><line number="43" hits="1"/><line number="44" hits="1"/><line number="45" hits="1"/><line number="46" hits="1"/><line number="47" hits="1"/><line number="48" hits="1"/><line number="50" hits="0"/><line number="53" hits="1"/><line number="54" hits="1"/><line number="55" hits="1"/><line number="56" hits="1"/><line number="57" hits="1"/></lines></class></classes></package><package name="src/routes" line-rate="0.8205128205128205" branch-rate="0" complexity="0"><classes><class name="users" filename="src/routes/users.rs" line-rate="0.8205128205128205" branch-rate="0" complexity="0"><methods/><lines><line number="26" hits="1"/><line number="27" hits="1"/><line number="32" hits="1"/><line number="34" hits="1"/><line number="35" hits="1"/><line number="36" hits="1"/><line number="37" hits="1"/><line number="39" hits="1"/><line number="41" hits="1"/><line number="43" hits="1"/><line number="44" hits="1"/><line number="45" hits="1"/><line number="46" hits="1"/><line number="48" hits="1"/><line number="63" hits="1"/><line number="64" hits="1"/><line number="69" hits="1"/><line number="71" hits="1"/><line number="72" hits="1"/><line number="73" hits="1"/><line number="74" hits="1"/><line number="76" hits="1"/><line number="78" hits="1"/><line number="81" hits="1"/><line number="82" hits="2"/><line number="83" hits="2"/><line number="86" hits="1"/><line number="87" hits="2"/><line number="88" hits="2"/><line number="91" hits="1"/><line number="92" hits="2"/><line number="93" hits="2"/><line number="101" hits="0"/><line number="102" hits="0"/><line number="108" hits="0"/><line number="109" hits="0"/><line number="112" hits="0"/><line number="113" hits="0"/><line number="114" hits="0"/></lines></class></classes></package></packages></coverage>